0 info it worked if it ends with ok
1 verbose cli [ 'D:\\node\\nodejs\\node.exe',
1 verbose cli   'D:\\node\\nodejs\\node_modules\\npm\\bin\\npm-cli.js',
1 verbose cli   'install',
1 verbose cli   'grunt@VERSION' ]
2 info using npm@3.10.8
3 info using node@v6.9.1
4 silly loadCurrentTree Starting
5 silly install loadCurrentTree
6 silly install readLocalPackageData
7 silly fetchPackageMetaData grunt@VERSION
8 silly fetchNamedPackageData grunt
9 silly mapToRegistry name grunt
10 silly mapToRegistry using default registry
11 silly mapToRegistry registry https://registry.npmjs.org/
12 silly mapToRegistry data Result {
12 silly mapToRegistry   raw: 'grunt',
12 silly mapToRegistry   scope: null,
12 silly mapToRegistry   escapedName: 'grunt',
12 silly mapToRegistry   name: 'grunt',
12 silly mapToRegistry   rawSpec: '',
12 silly mapToRegistry   spec: 'latest',
12 silly mapToRegistry   type: 'tag' }
13 silly mapToRegistry uri https://registry.npmjs.org/grunt
14 verbose request uri https://registry.npmjs.org/grunt
15 verbose request no auth needed
16 info attempt registry request try #1 at 19:01:51
17 verbose request id 692f95d95c6c64e6
18 verbose etag W/"58f23153-18ad5"
19 verbose lastModified Sat, 15 Apr 2017 14:42:27 GMT
20 http request GET https://registry.npmjs.org/grunt
21 http 304 https://registry.npmjs.org/grunt
22 verbose headers { date: 'Tue, 25 Apr 2017 11:01:57 GMT',
22 verbose headers   via: '1.1 varnish',
22 verbose headers   'cache-control': 'max-age=300',
22 verbose headers   etag: 'W/"58f23153-18ad5"',
22 verbose headers   age: '221',
22 verbose headers   connection: 'keep-alive',
22 verbose headers   'x-served-by': 'cache-nrt6127-NRT',
22 verbose headers   'x-cache': 'HIT',
22 verbose headers   'x-cache-hits': '3',
22 verbose headers   'x-timer': 'S1493118118.754498,VS0,VE0',
22 verbose headers   vary: 'Accept-Encoding' }
23 silly get cb [ 304,
23 silly get   { date: 'Tue, 25 Apr 2017 11:01:57 GMT',
23 silly get     via: '1.1 varnish',
23 silly get     'cache-control': 'max-age=300',
23 silly get     etag: 'W/"58f23153-18ad5"',
23 silly get     age: '221',
23 silly get     connection: 'keep-alive',
23 silly get     'x-served-by': 'cache-nrt6127-NRT',
23 silly get     'x-cache': 'HIT',
23 silly get     'x-cache-hits': '3',
23 silly get     'x-timer': 'S1493118118.754498,VS0,VE0',
23 silly get     vary: 'Accept-Encoding' } ]
24 verbose etag https://registry.npmjs.org/grunt from cache
25 verbose get saving grunt to D:\node\npm_cache\registry.npmjs.org\grunt\.cache.json
26 verbose correctMkdir D:\node\npm_cache correctMkdir not in flight; initializing
27 silly fetchNamedPackageData No valid target from cache, forcing network
28 verbose request uri https://registry.npmjs.org/grunt
29 verbose request no auth needed
30 info attempt registry request try #1 at 19:01:55
31 http request GET https://registry.npmjs.org/grunt
32 http 200 https://registry.npmjs.org/grunt
33 verbose headers { server: 'nginx/1.10.1',
33 verbose headers   'content-type': 'application/json',
33 verbose headers   'last-modified': 'Sat, 15 Apr 2017 14:42:27 GMT',
33 verbose headers   etag: 'W/"58f23153-18ad5"',
33 verbose headers   'content-encoding': 'gzip',
33 verbose headers   'cache-control': 'max-age=300',
33 verbose headers   'content-length': '11217',
33 verbose headers   'accept-ranges': 'bytes',
33 verbose headers   date: 'Tue, 25 Apr 2017 11:01:57 GMT',
33 verbose headers   via: '1.1 varnish',
33 verbose headers   age: '221',
33 verbose headers   connection: 'keep-alive',
33 verbose headers   'x-served-by': 'cache-nrt6127-NRT',
33 verbose headers   'x-cache': 'HIT',
33 verbose headers   'x-cache-hits': '4',
33 verbose headers   'x-timer': 'S1493118118.952944,VS0,VE0',
33 verbose headers   vary: 'Accept-Encoding' }
34 silly get cb [ 200,
34 silly get   { server: 'nginx/1.10.1',
34 silly get     'content-type': 'application/json',
34 silly get     'last-modified': 'Sat, 15 Apr 2017 14:42:27 GMT',
34 silly get     etag: 'W/"58f23153-18ad5"',
34 silly get     'content-encoding': 'gzip',
34 silly get     'cache-control': 'max-age=300',
34 silly get     'content-length': '11217',
34 silly get     'accept-ranges': 'bytes',
34 silly get     date: 'Tue, 25 Apr 2017 11:01:57 GMT',
34 silly get     via: '1.1 varnish',
34 silly get     age: '221',
34 silly get     connection: 'keep-alive',
34 silly get     'x-served-by': 'cache-nrt6127-NRT',
34 silly get     'x-cache': 'HIT',
34 silly get     'x-cache-hits': '4',
34 silly get     'x-timer': 'S1493118118.952944,VS0,VE0',
34 silly get     vary: 'Accept-Encoding' } ]
35 verbose get saving grunt to D:\node\npm_cache\registry.npmjs.org\grunt\.cache.json
36 verbose correctMkdir D:\node\npm_cache correctMkdir not in flight; initializing
37 silly fetchPackageMetaData Error: No compatible version found: grunt@VERSION
37 silly fetchPackageMetaData Valid install targets:
37 silly fetchPackageMetaData 1.0.1, 1.0.0, 1.0.0-rc1, 0.4.5, 0.4.4, 0.4.3, 0.4.2, 0.4.1, 0.4.0, 0.4.0-rc8, 0.4.0-rc7, 0.4.0-rc6, 0.4.0-rc5, 0.4.0-rc4, 0.4.0-rc3, 0.4.0-rc2, 0.4.0-rc1, 0.4.0-a, 0.3.17, 0.3.16, 0.3.15, 0.3.14, 0.3.13, 0.3.13-a, 0.3.12, 0.3.11, 0.3.10, 0.3.9, 0.3.8, 0.3.7, 0.3.6, 0.3.5, 0.3.4, 0.3.3, 0.3.2, 0.3.1, 0.3.0, 0.2.15, 0.2.14, 0.2.13, 0.2.12, 0.2.11, 0.2.10, 0.2.9, 0.2.8, 0.2.7, 0.2.6, 0.2.5, 0.2.4, 0.2.3, 0.2.2, 0.2.1, 0.2.0, 0.1.2, 0.1.1, 0.1.0
37 silly fetchPackageMetaData
37 silly fetchPackageMetaData     at pickVersionFromRegistryDocument (D:\node\nodejs\node_modules\npm\lib\fetch-package-metadata.js:178:16)
37 silly fetchPackageMetaData     at D:\node\nodejs\node_modules\npm\node_modules\iferr\index.js:13:50
37 silly fetchPackageMetaData     at D:\node\nodejs\node_modules\npm\lib\utils\pulse-till-done.js:20:8
37 silly fetchPackageMetaData     at saved (D:\node\nodejs\node_modules\npm\lib\cache\caching-client.js:174:7)
37 silly fetchPackageMetaData     at D:\node\nodejs\node_modules\npm\node_modules\graceful-fs\polyfills.js:233:18
37 silly fetchPackageMetaData     at FSReqWrap.oncomplete (fs.js:123:15)
37 silly fetchPackageMetaData  error for grunt@VERSION { Error: No compatible version found: grunt@VERSION
37 silly fetchPackageMetaData Valid install targets:
37 silly fetchPackageMetaData 1.0.1, 1.0.0, 1.0.0-rc1, 0.4.5, 0.4.4, 0.4.3, 0.4.2, 0.4.1, 0.4.0, 0.4.0-rc8, 0.4.0-rc7, 0.4.0-rc6, 0.4.0-rc5, 0.4.0-rc4, 0.4.0-rc3, 0.4.0-rc2, 0.4.0-rc1, 0.4.0-a, 0.3.17, 0.3.16, 0.3.15, 0.3.14, 0.3.13, 0.3.13-a, 0.3.12, 0.3.11, 0.3.10, 0.3.9, 0.3.8, 0.3.7, 0.3.6, 0.3.5, 0.3.4, 0.3.3, 0.3.2, 0.3.1, 0.3.0, 0.2.15, 0.2.14, 0.2.13, 0.2.12, 0.2.11, 0.2.10, 0.2.9, 0.2.8, 0.2.7, 0.2.6, 0.2.5, 0.2.4, 0.2.3, 0.2.2, 0.2.1, 0.2.0, 0.1.2, 0.1.1, 0.1.0
37 silly fetchPackageMetaData
37 silly fetchPackageMetaData     at pickVersionFromRegistryDocument (D:\node\nodejs\node_modules\npm\lib\fetch-package-metadata.js:178:16)
37 silly fetchPackageMetaData     at D:\node\nodejs\node_modules\npm\node_modules\iferr\index.js:13:50
37 silly fetchPackageMetaData     at D:\node\nodejs\node_modules\npm\lib\utils\pulse-till-done.js:20:8
37 silly fetchPackageMetaData     at saved (D:\node\nodejs\node_modules\npm\lib\cache\caching-client.js:174:7)
37 silly fetchPackageMetaData     at D:\node\nodejs\node_modules\npm\node_modules\graceful-fs\polyfills.js:233:18
37 silly fetchPackageMetaData     at FSReqWrap.oncomplete (fs.js:123:15) code: 'ETARGET' }
38 silly rollbackFailedOptional Starting
39 silly rollbackFailedOptional Finishing
40 silly runTopLevelLifecycles Finishing
41 silly install printInstalled
42 verbose stack Error: No compatible version found: grunt@VERSION
42 verbose stack Valid install targets:
42 verbose stack 1.0.1, 1.0.0, 1.0.0-rc1, 0.4.5, 0.4.4, 0.4.3, 0.4.2, 0.4.1, 0.4.0, 0.4.0-rc8, 0.4.0-rc7, 0.4.0-rc6, 0.4.0-rc5, 0.4.0-rc4, 0.4.0-rc3, 0.4.0-rc2, 0.4.0-rc1, 0.4.0-a, 0.3.17, 0.3.16, 0.3.15, 0.3.14, 0.3.13, 0.3.13-a, 0.3.12, 0.3.11, 0.3.10, 0.3.9, 0.3.8, 0.3.7, 0.3.6, 0.3.5, 0.3.4, 0.3.3, 0.3.2, 0.3.1, 0.3.0, 0.2.15, 0.2.14, 0.2.13, 0.2.12, 0.2.11, 0.2.10, 0.2.9, 0.2.8, 0.2.7, 0.2.6, 0.2.5, 0.2.4, 0.2.3, 0.2.2, 0.2.1, 0.2.0, 0.1.2, 0.1.1, 0.1.0
42 verbose stack
42 verbose stack     at pickVersionFromRegistryDocument (D:\node\nodejs\node_modules\npm\lib\fetch-package-metadata.js:178:16)
42 verbose stack     at D:\node\nodejs\node_modules\npm\node_modules\iferr\index.js:13:50
42 verbose stack     at D:\node\nodejs\node_modules\npm\lib\utils\pulse-till-done.js:20:8
42 verbose stack     at saved (D:\node\nodejs\node_modules\npm\lib\cache\caching-client.js:174:7)
42 verbose stack     at D:\node\nodejs\node_modules\npm\node_modules\graceful-fs\polyfills.js:233:18
42 verbose stack     at FSReqWrap.oncomplete (fs.js:123:15)
43 verbose cwd C:\Users\Administrator\Desktop\tj
44 error Windows_NT 6.1.7601
45 error argv "D:\\node\\nodejs\\node.exe" "D:\\node\\nodejs\\node_modules\\npm\\bin\\npm-cli.js" "install" "grunt@VERSION"
46 error node v6.9.1
47 error npm  v3.10.8
48 error code ETARGET
49 error notarget No compatible version found: grunt@VERSION
49 error notarget Valid install targets:
49 error notarget 1.0.1, 1.0.0, 1.0.0-rc1, 0.4.5, 0.4.4, 0.4.3, 0.4.2, 0.4.1, 0.4.0, 0.4.0-rc8, 0.4.0-rc7, 0.4.0-rc6, 0.4.0-rc5, 0.4.0-rc4, 0.4.0-rc3, 0.4.0-rc2, 0.4.0-rc1, 0.4.0-a, 0.3.17, 0.3.16, 0.3.15, 0.3.14, 0.3.13, 0.3.13-a, 0.3.12, 0.3.11, 0.3.10, 0.3.9, 0.3.8, 0.3.7, 0.3.6, 0.3.5, 0.3.4, 0.3.3, 0.3.2, 0.3.1, 0.3.0, 0.2.15, 0.2.14, 0.2.13, 0.2.12, 0.2.11, 0.2.10, 0.2.9, 0.2.8, 0.2.7, 0.2.6, 0.2.5, 0.2.4, 0.2.3, 0.2.2, 0.2.1, 0.2.0, 0.1.2, 0.1.1, 0.1.0
50 error notarget This is most likely not a problem with npm itself.
50 error notarget In most cases you or one of your dependencies are requesting
50 error notarget a package version that doesn't exist.
51 verbose exit [ 1, true ]
